Godot Engine v4.6.1.stable.official.14d19694e - https://godotengine.org

SCRIPT ERROR: Compile Error: Identifier not found: DataLoader
   at: GDScript::reload (res://scenes/units/Unit.gd:157)
   GDScript backtrace (most recent call first):
       [0] _init (/tmp/uh_phase_probe.gd:6)
ERROR: Failed to load script "res://scenes/units/Unit.gd" with error "Compilation failed".
   at: load (modules/gdscript/gdscript.cpp:2907)
   GDScript backtrace (most recent call first):
       [0] _init (/tmp/uh_phase_probe.gd:6)
SCRIPT ERROR: Compile Error: Identifier not found: DataLoader
   at: GDScript::reload (res://scenes/board/Board.gd:56)
   GDScript backtrace (most recent call first):
       [0] _init (/tmp/uh_phase_probe.gd:6)
ERROR: Failed to load script "res://scenes/board/Board.gd" with error "Compilation failed".
   at: load (modules/gdscript/gdscript.cpp:2907)
   GDScript backtrace (most recent call first):
       [0] _init (/tmp/uh_phase_probe.gd:6)
SCRIPT ERROR: Compile Error: Identifier not found: SignalBus
   at: GDScript::reload (res://scenes/battle/BattleArena.gd:20)
   GDScript backtrace (most recent call first):
       [0] _init (/tmp/uh_phase_probe.gd:6)
ERROR: Failed to load script "res://scenes/battle/BattleArena.gd" with error "Compilation failed".
   at: load (modules/gdscript/gdscript.cpp:2907)
   GDScript backtrace (most recent call first):
       [0] _init (/tmp/uh_phase_probe.gd:6)
SCRIPT ERROR: Compile Error: Identifier not found: DataLoader
   at: GDScript::reload (res://scenes/shop/ShopSlot.gd:131)
   GDScript backtrace (most recent call first):
       [0] _init (/tmp/uh_phase_probe.gd:6)
ERROR: Failed to load script "res://scenes/shop/ShopSlot.gd" with error "Compilation failed".
   at: load (modules/gdscript/gdscript.cpp:2907)
   GDScript backtrace (most recent call first):
       [0] _init (/tmp/uh_phase_probe.gd:6)
SCRIPT ERROR: Compile Error: Identifier not found: SignalBus
   at: GDScript::reload (res://scenes/shop/ShopPanel.gd:94)
   GDScript backtrace (most recent call first):
       [0] _init (/tmp/uh_phase_probe.gd:6)
ERROR: Failed to load script "res://scenes/shop/ShopPanel.gd" with error "Compilation failed".
   at: load (modules/gdscript/gdscript.cpp:2907)
   GDScript backtrace (most recent call first):
       [0] _init (/tmp/uh_phase_probe.gd:6)
SCRIPT ERROR: Compile Error: Identifier not found: RoundManager
   at: GDScript::reload (res://scenes/ui/HUD.gd:84)
   GDScript backtrace (most recent call first):
       [0] _init (/tmp/uh_phase_probe.gd:6)
ERROR: Failed to load script "res://scenes/ui/HUD.gd" with error "Compilation failed".
   at: load (modules/gdscript/gdscript.cpp:2907)
   GDScript backtrace (most recent call first):
       [0] _init (/tmp/uh_phase_probe.gd:6)
SCRIPT ERROR: Compile Error: Identifier not found: SignalBus
   at: GDScript::reload (res://scenes/ui/SynergyPanel.gd:12)
   GDScript backtrace (most recent call first):
       [0] _init (/tmp/uh_phase_probe.gd:6)
ERROR: Failed to load script "res://scenes/ui/SynergyPanel.gd" with error "Compilation failed".
   at: load (modules/gdscript/gdscript.cpp:2907)
   GDScript backtrace (most recent call first):
       [0] _init (/tmp/uh_phase_probe.gd:6)
SCRIPT ERROR: Compile Error: Identifier not found: SignalBus
   at: GDScript::reload (res://scenes/ui/PlayerList.gd:11)
   GDScript backtrace (most recent call first):
       [0] _init (/tmp/uh_phase_probe.gd:6)
ERROR: Failed to load script "res://scenes/ui/PlayerList.gd" with error "Compilation failed".
   at: load (modules/gdscript/gdscript.cpp:2907)
   GDScript backtrace (most recent call first):
       [0] _init (/tmp/uh_phase_probe.gd:6)
SCRIPT ERROR: Compile Error: Identifier not found: SignalBus
   at: GDScript::reload (res://scenes/ui/UnitInfoPopup.gd:15)
   GDScript backtrace (most recent call first):
       [0] _init (/tmp/uh_phase_probe.gd:6)
ERROR: Failed to load script "res://scenes/ui/UnitInfoPopup.gd" with error "Compilation failed".
   at: load (modules/gdscript/gdscript.cpp:2907)
   GDScript backtrace (most recent call first):
       [0] _init (/tmp/uh_phase_probe.gd:6)
SCRIPT ERROR: Compile Error: Identifier not found: SignalBus
   at: GDScript::reload (res://scenes/ui/RoundResultBanner.gd:18)
   GDScript backtrace (most recent call first):
       [0] _init (/tmp/uh_phase_probe.gd:6)
ERROR: Failed to load script "res://scenes/ui/RoundResultBanner.gd" with error "Compilation failed".
   at: load (modules/gdscript/gdscript.cpp:2907)
   GDScript backtrace (most recent call first):
       [0] _init (/tmp/uh_phase_probe.gd:6)
SCRIPT ERROR: Compile Error: Identifier not found: SignalBus
   at: GDScript::reload (res://scenes/main/Main.gd:119)
   GDScript backtrace (most recent call first):
       [0] _init (/tmp/uh_phase_probe.gd:6)
ERROR: Failed to load script "res://scenes/main/Main.gd" with error "Compilation failed".
   at: load (modules/gdscript/gdscript.cpp:2907)
   GDScript backtrace (most recent call first):
       [0] _init (/tmp/uh_phase_probe.gd:6)
ERROR: Condition "ret != noErr" is true. Returning: ""
   at: get_system_ca_certificates (platform/macos/os_macos.mm:1014)
[DataLoader] Loaded 26 units, 19 traits, 16 items, 20 rounds.
[probe] connected phase signal
[probe] t=2.0 phase=0 prep=0.0
[probe] t=2.0 phase=0 prep=0.0
[probe] t=2.0 phase=0 prep=0.0
[probe] t=4.0 phase=0 prep=0.0
[probe] t=4.0 phase=0 prep=0.0
[probe] t=6.0 phase=0 prep=0.0
[probe] t=6.0 phase=0 prep=0.0
[probe] t=6.0 phase=0 prep=0.0
[probe] t=8.0 phase=0 prep=0.0
[probe] t=8.0 phase=0 prep=0.0
[probe] t=8.0 phase=0 prep=0.0
[probe] t=10.0 phase=0 prep=0.0
[probe] t=10.0 phase=0 prep=0.0
[probe] t=10.0 phase=0 prep=0.0
[probe] t=12.0 phase=0 prep=0.0
[probe] t=12.0 phase=0 prep=0.0
[probe] t=12.0 phase=0 prep=0.0
[probe] t=14.0 phase=0 prep=0.0
[probe] t=14.0 phase=0 prep=0.0
[probe] t=14.0 phase=0 prep=0.0
[probe] t=16.0 phase=0 prep=0.0
[probe] t=16.0 phase=0 prep=0.0
[probe] t=16.0 phase=0 prep=0.0
[probe] t=18.0 phase=0 prep=0.0
[probe] t=18.0 phase=0 prep=0.0
[probe] t=20.0 phase=0 prep=0.0
[probe] t=20.0 phase=0 prep=0.0
[probe] t=20.0 phase=0 prep=0.0
[probe] t=22.0 phase=0 prep=0.0
[probe] done
